<?xml version="1.0" encoding="utf-8"?><testsuites name="pytest tests"><testsuite name="pytest" errors="0" failures="0" skipped="0" tests="11" time="1.499" timestamp="2026-08-30T07:40:58.850132+00:00" hostname="agent-env-bd078bae-c907-4811-b80a-536ae247cd4b"><testcase classname="tests.backend_test.TestErrors" name="test_get_unknown_session_404" time="0.250" /><testcase classname="tests.backend_test.TestSessionLifecycle" name="test_full_lifecycle[real]" time="0.570" /><testcase classname="tests.backend_test.TestErrors" name="test_create_invalid_class_404" time="0.067" /><testcase classname="tests.backend_test.TestErrors" name="test_end_unknown_session_404" time="0.057" /><testcase classname="tests.backend_test.TestErrors" name="test_finalize_unknown_session_404" time="0.057" /><testcase classname="tests.backend_test.TestErrors" name="test_invalid_mode_422" time="0.056" /><testcase classname="tests.backend_test.TestErrors" name="test_missing_class_id_422" time="0.160" /><testcase classname="tests.backend_test.TestSessionLifecycle" name="test_full_lifecycle[demo]" time="0.373" /><testcase classname="tests.backend_test.TestHealth" name="test_health" time="0.093" /><testcase classname="tests.backend_test.TestCurrentClass" name="test_current_class" time="0.066" /><testcase classname="tests.backend_test.TestSessionLifecycle" name="test_end_defaults_duration_when_body_empty" time="0.082" /></testsuite></testsuites>