<?xml version="1.0" encoding="utf-8"?><testsuites name="pytest tests"><testsuite name="pytest" errors="0" failures="0" skipped="0" tests="19" time="2.129" timestamp="2026-08-30T08:28:20.384301+00:00" hostname="agent-env-bd078bae-c907-4811-b80a-536ae247cd4b"><testcase classname="tests.backend_test.TestScribeToken" name="test_real_live_returns_token" time="0.407" /><testcase classname="tests.backend_test.TestTranscript" name="test_store_dedup_order_and_empty" time="0.680" /><testcase classname="tests.backend_test.TestScribeToken" name="test_demo_session_400" time="0.098" /><testcase classname="tests.backend_test.TestScribeToken" name="test_ended_session_409" time="0.180" /><testcase classname="tests.backend_test.TestTranscript" name="test_out_of_order_seq_sorted" time="0.309" /><testcase classname="tests.backend_test.TestScribeToken" name="test_unknown_session_404" time="0.088" /><testcase classname="tests.backend_test.TestErrors" name="test_get_unknown_session_404" time="0.046" /><testcase classname="tests.backend_test.TestErrors" name="test_invalid_mode_422" time="0.044" /><testcase classname="tests.backend_test.TestErrors" name="test_end_unknown_404" time="0.047" /><testcase classname="tests.backend_test.TestErrors" name="test_finalize_unknown_404" time="0.055" /><testcase classname="tests.backend_test.TestSessionLifecycle" name="test_full_lifecycle[real]" time="0.312" /><testcase classname="tests.backend_test.TestTranscript" name="test_transcript_unknown_session_404" time="0.046" /><testcase classname="tests.backend_test.TestTranscript" name="test_transcript_missing_fields_422" time="0.131" /><testcase classname="tests.backend_test.TestTranscript" name="test_get_transcript_empty_for_new_session" time="0.136" /><testcase classname="tests.backend_test.TestSessionLifecycle" name="test_full_lifecycle[demo]" time="0.300" /><testcase classname="tests.backend_test.TestNoKeyLeak" name="test_no_key_in_public_responses" time="0.221" /><testcase classname="tests.backend_test.TestNoKeyLeak" name="test_classes_current_endpoint_state" time="0.044" /><testcase classname="tests.backend_test.TestSessionLifecycle" name="test_blank_title_becomes_null" time="0.048" /><testcase classname="tests.backend_test.TestHealth" name="test_health" time="0.047" /></testsuite></testsuites>